{"C:\\Users\\paulo\\Desktop\\Gostack11\\gobarber\\gobarber-mobile\\gobarber-mobile\\src\\assets\\logo.png": {"path":"C:\\Users\\paulo\\Desktop\\Gostack11\\gobarber\\gobarber-mobile\\gobarber-mobile\\src\\assets\\logo.png","statementMap":{"0":{"start":{"line":1,"column":0},"end":{"line":4,"column":6}}},"fnMap":{},"branchMap":{},"s":{"0":1},"f":{},"b":{},"_coverageSchema":"43e27e138ebf9cfc5966b082cf9a028302ed4184","hash":"30f1520e55920c4b95683b3d8a73964544a3f335"}
,"C:\\Users\\paulo\\Desktop\\Gostack11\\gobarber\\gobarber-mobile\\gobarber-mobile\\src\\components\\Button\\index.tsx": {"path":"C:\\Users\\paulo\\Desktop\\Gostack11\\gobarber\\gobarber-mobile\\gobarber-mobile\\src\\components\\Button\\index.tsx","statementMap":{"0":{"start":{"line":10,"column":38},"end":{"line":14,"column":1}},"1":{"start":{"line":11,"column":2},"end":{"line":13,"column":14}}},"fnMap":{"0":{"name":"(anonymous_0)","decl":{"start":{"line":10,"column":38},"end":{"line":10,"column":39}},"loc":{"start":{"line":11,"column":2},"end":{"line":13,"column":14}},"line":11}},"branchMap":{},"s":{"0":1,"1":1},"f":{"0":1},"b":{},"_coverageSchema":"43e27e138ebf9cfc5966b082cf9a028302ed4184","hash":"2012214286d6d0f04a1c45d358ef0db4fd6bb0e1"}
,"C:\\Users\\paulo\\Desktop\\Gostack11\\gobarber\\gobarber-mobile\\gobarber-mobile\\src\\components\\Button\\styles.tsx": {"path":"C:\\Users\\paulo\\Desktop\\Gostack11\\gobarber\\gobarber-mobile\\gobarber-mobile\\src\\components\\Button\\styles.tsx","statementMap":{"0":{"start":{"line":4,"column":25},"end":{"line":13,"column":1}},"1":{"start":{"line":15,"column":26},"end":{"line":19,"column":1}}},"fnMap":{},"branchMap":{},"s":{"0":1,"1":1},"f":{},"b":{},"_coverageSchema":"43e27e138ebf9cfc5966b082cf9a028302ed4184","hash":"d1460e3fca9ebb37981035ee36bf21a094efb451"}
,"C:\\Users\\paulo\\Desktop\\Gostack11\\gobarber\\gobarber-mobile\\gobarber-mobile\\src\\components\\Input\\index.tsx": {"path":"C:\\Users\\paulo\\Desktop\\Gostack11\\gobarber\\gobarber-mobile\\gobarber-mobile\\src\\components\\Input\\index.tsx","statementMap":{"0":{"start":{"line":27,"column":66},"end":{"line":89,"column":1}},"1":{"start":{"line":31,"column":26},"end":{"line":31,"column":43}},"2":{"start":{"line":32,"column":65},"end":{"line":32,"column":79}},"3":{"start":{"line":33,"column":2},"end":{"line":37,"column":6}},"4":{"start":{"line":33,"column":34},"end":{"line":37,"column":3}},"5":{"start":{"line":35,"column":6},"end":{"line":35,"column":38}},"6":{"start":{"line":38,"column":24},"end":{"line":38,"column":76}},"7":{"start":{"line":39,"column":36},"end":{"line":39,"column":51}},"8":{"start":{"line":40,"column":34},"end":{"line":40,"column":49}},"9":{"start":{"line":42,"column":27},"end":{"line":44,"column":8}},"10":{"start":{"line":43,"column":4},"end":{"line":43,"column":23}},"11":{"start":{"line":46,"column":26},"end":{"line":49,"column":8}},"12":{"start":{"line":47,"column":4},"end":{"line":47,"column":24}},"13":{"start":{"line":48,"column":4},"end":{"line":48,"column":47}},"14":{"start":{"line":51,"column":2},"end":{"line":67,"column":33}},"15":{"start":{"line":52,"column":4},"end":{"line":66,"column":7}},"16":{"start":{"line":57,"column":8},"end":{"line":57,"column":44}},"17":{"start":{"line":59,"column":8},"end":{"line":59,"column":64}},"18":{"start":{"line":62,"column":8},"end":{"line":62,"column":41}},"19":{"start":{"line":64,"column":8},"end":{"line":64,"column":40}},"20":{"start":{"line":68,"column":2},"end":{"line":88,"column":4}},"21":{"start":{"line":83,"column":10},"end":{"line":83,"column":46}}},"fnMap":{"0":{"name":"(anonymous_0)","decl":{"start":{"line":27,"column":66},"end":{"line":27,"column":67}},"loc":{"start":{"line":30,"column":5},"end":{"line":89,"column":1}},"line":30},"1":{"name":"(anonymous_1)","decl":{"start":{"line":33,"column":27},"end":{"line":33,"column":28}},"loc":{"start":{"line":33,"column":34},"end":{"line":37,"column":3}},"line":33},"2":{"name":"(anonymous_2)","decl":{"start":{"line":34,"column":4},"end":{"line":34,"column":5}},"loc":{"start":{"line":34,"column":12},"end":{"line":36,"column":5}},"line":34},"3":{"name":"(anonymous_3)","decl":{"start":{"line":42,"column":39},"end":{"line":42,"column":40}},"loc":{"start":{"line":42,"column":45},"end":{"line":44,"column":3}},"line":42},"4":{"name":"(anonymous_4)","decl":{"start":{"line":46,"column":38},"end":{"line":46,"column":39}},"loc":{"start":{"line":46,"column":44},"end":{"line":49,"column":3}},"line":46},"5":{"name":"(anonymous_5)","decl":{"start":{"line":51,"column":12},"end":{"line":51,"column":13}},"loc":{"start":{"line":51,"column":18},"end":{"line":67,"column":3}},"line":51},"6":{"name":"(anonymous_6)","decl":{"start":{"line":56,"column":6},"end":{"line":56,"column":7}},"loc":{"start":{"line":56,"column":27},"end":{"line":60,"column":7}},"line":56},"7":{"name":"(anonymous_7)","decl":{"start":{"line":61,"column":6},"end":{"line":61,"column":7}},"loc":{"start":{"line":61,"column":19},"end":{"line":65,"column":7}},"line":61},"8":{"name":"(anonymous_8)","decl":{"start":{"line":82,"column":22},"end":{"line":82,"column":23}},"loc":{"start":{"line":82,"column":33},"end":{"line":84,"column":9}},"line":82}},"branchMap":{"0":{"loc":{"start":{"line":32,"column":25},"end":{"line":32,"column":42}},"type":"default-arg","locations":[{"start":{"line":32,"column":40},"end":{"line":32,"column":42}}],"line":32},"1":{"loc":{"start":{"line":73,"column":15},"end":{"line":73,"column":60}},"type":"cond-expr","locations":[{"start":{"line":73,"column":39},"end":{"line":73,"column":48}},{"start":{"line":73,"column":51},"end":{"line":73,"column":60}}],"line":73},"2":{"loc":{"start":{"line":73,"column":15},"end":{"line":73,"column":36}},"type":"binary-expr","locations":[{"start":{"line":73,"column":15},"end":{"line":73,"column":24}},{"start":{"line":73,"column":28},"end":{"line":73,"column":36}}],"line":73}},"s":{"0":1,"1":2,"2":2,"3":2,"4":1,"5":0,"6":2,"7":2,"8":2,"9":2,"10":0,"11":2,"12":0,"13":0,"14":2,"15":2,"16":0,"17":0,"18":0,"19":0,"20":2,"21":0},"f":{"0":2,"1":1,"2":0,"3":0,"4":0,"5":2,"6":0,"7":0,"8":0},"b":{"0":[2],"1":[0,2],"2":[2,2]},"_coverageSchema":"43e27e138ebf9cfc5966b082cf9a028302ed4184","hash":"c76461cb6b53f480008a7578fa247ee30716ef57"}
,"C:\\Users\\paulo\\Desktop\\Gostack11\\gobarber\\gobarber-mobile\\gobarber-mobile\\src\\components\\Input\\styles.tsx": {"path":"C:\\Users\\paulo\\Desktop\\Gostack11\\gobarber\\gobarber-mobile\\gobarber-mobile\\src\\components\\Input\\styles.tsx","statementMap":{"0":{"start":{"line":9,"column":25},"end":{"line":32,"column":1}},"1":{"start":{"line":22,"column":4},"end":{"line":25,"column":5}},"2":{"start":{"line":28,"column":4},"end":{"line":31,"column":5}},"3":{"start":{"line":34,"column":25},"end":{"line":39,"column":1}},"4":{"start":{"line":41,"column":20},"end":{"line":43,"column":1}}},"fnMap":{"0":{"name":"(anonymous_0)","decl":{"start":{"line":21,"column":4},"end":{"line":21,"column":5}},"loc":{"start":{"line":22,"column":4},"end":{"line":25,"column":5}},"line":22},"1":{"name":"(anonymous_1)","decl":{"start":{"line":27,"column":4},"end":{"line":27,"column":5}},"loc":{"start":{"line":28,"column":4},"end":{"line":31,"column":5}},"line":28}},"branchMap":{"0":{"loc":{"start":{"line":22,"column":4},"end":{"line":25,"column":5}},"type":"binary-expr","locations":[{"start":{"line":22,"column":4},"end":{"line":22,"column":19}},{"start":{"line":23,"column":4},"end":{"line":25,"column":5}}],"line":22},"1":{"loc":{"start":{"line":28,"column":4},"end":{"line":31,"column":5}},"type":"binary-expr","locations":[{"start":{"line":28,"column":4},"end":{"line":28,"column":19}},{"start":{"line":29,"column":4},"end":{"line":31,"column":5}}],"line":28}},"s":{"0":1,"1":2,"2":2,"3":1,"4":1},"f":{"0":2,"1":2},"b":{"0":[2,0],"1":[2,0]},"_coverageSchema":"43e27e138ebf9cfc5966b082cf9a028302ed4184","hash":"b0aa5a27317997c3de9599303d38093d84432c98"}
,"C:\\Users\\paulo\\Desktop\\Gostack11\\gobarber\\gobarber-mobile\\gobarber-mobile\\src\\hooks\\auth.tsx": {"path":"C:\\Users\\paulo\\Desktop\\Gostack11\\gobarber\\gobarber-mobile\\gobarber-mobile\\src\\hooks\\auth.tsx","statementMap":{"0":{"start":{"line":27,"column":20},"end":{"line":27,"column":73}},"1":{"start":{"line":29,"column":38},"end":{"line":77,"column":1}},"2":{"start":{"line":30,"column":26},"end":{"line":30,"column":62}},"3":{"start":{"line":31,"column":32},"end":{"line":31,"column":46}},"4":{"start":{"line":33,"column":2},"end":{"line":46,"column":9}},"5":{"start":{"line":35,"column":28},"end":{"line":38,"column":8}},"6":{"start":{"line":40,"column":6},"end":{"line":42,"column":7}},"7":{"start":{"line":41,"column":8},"end":{"line":41,"column":64}},"8":{"start":{"line":43,"column":6},"end":{"line":43,"column":24}},"9":{"start":{"line":45,"column":4},"end":{"line":45,"column":23}},"10":{"start":{"line":48,"column":17},"end":{"line":64,"column":8}},"11":{"start":{"line":49,"column":21},"end":{"line":52,"column":6}},"12":{"start":{"line":54,"column":28},"end":{"line":54,"column":41}},"13":{"start":{"line":55,"column":4},"end":{"line":58,"column":7}},"14":{"start":{"line":63,"column":4},"end":{"line":63,"column":29}},"15":{"start":{"line":66,"column":18},"end":{"line":70,"column":8}},"16":{"start":{"line":67,"column":4},"end":{"line":67,"column":74}},"17":{"start":{"line":69,"column":4},"end":{"line":69,"column":29}},"18":{"start":{"line":72,"column":2},"end":{"line":76,"column":4}},"19":{"start":{"line":80,"column":18},"end":{"line":80,"column":41}},"20":{"start":{"line":82,"column":2},"end":{"line":84,"column":3}},"21":{"start":{"line":83,"column":4},"end":{"line":83,"column":67}},"22":{"start":{"line":85,"column":2},"end":{"line":85,"column":17}}},"fnMap":{"0":{"name":"(anonymous_0)","decl":{"start":{"line":29,"column":38},"end":{"line":29,"column":39}},"loc":{"start":{"line":29,"column":56},"end":{"line":77,"column":1}},"line":29},"1":{"name":"(anonymous_1)","decl":{"start":{"line":33,"column":12},"end":{"line":33,"column":13}},"loc":{"start":{"line":33,"column":18},"end":{"line":46,"column":3}},"line":33},"2":{"name":"loadStoragedData","decl":{"start":{"line":34,"column":19},"end":{"line":34,"column":35}},"loc":{"start":{"line":34,"column":53},"end":{"line":44,"column":5}},"line":34},"3":{"name":"(anonymous_3)","decl":{"start":{"line":48,"column":29},"end":{"line":48,"column":30}},"loc":{"start":{"line":48,"column":60},"end":{"line":64,"column":3}},"line":48},"4":{"name":"(anonymous_4)","decl":{"start":{"line":66,"column":30},"end":{"line":66,"column":31}},"loc":{"start":{"line":66,"column":42},"end":{"line":70,"column":3}},"line":66},"5":{"name":"useAuth","decl":{"start":{"line":79,"column":16},"end":{"line":79,"column":23}},"loc":{"start":{"line":79,"column":43},"end":{"line":86,"column":1}},"line":79}},"branchMap":{"0":{"loc":{"start":{"line":40,"column":6},"end":{"line":42,"column":7}},"type":"if","locations":[{"start":{"line":40,"column":6},"end":{"line":42,"column":7}},{"start":{"line":40,"column":6},"end":{"line":42,"column":7}}],"line":40},"1":{"loc":{"start":{"line":40,"column":10},"end":{"line":40,"column":29}},"type":"binary-expr","locations":[{"start":{"line":40,"column":10},"end":{"line":40,"column":18}},{"start":{"line":40,"column":22},"end":{"line":40,"column":29}}],"line":40},"2":{"loc":{"start":{"line":82,"column":2},"end":{"line":84,"column":3}},"type":"if","locations":[{"start":{"line":82,"column":2},"end":{"line":84,"column":3}},{"start":{"line":82,"column":2},"end":{"line":84,"column":3}}],"line":82}},"s":{"0":1,"1":1,"2":0,"3":0,"4":0,"5":0,"6":0,"7":0,"8":0,"9":0,"10":0,"11":0,"12":0,"13":0,"14":0,"15":0,"16":0,"17":0,"18":0,"19":1,"20":1,"21":0,"22":1},"f":{"0":0,"1":0,"2":0,"3":0,"4":0,"5":1},"b":{"0":[0,0],"1":[0,0],"2":[0,1]},"_coverageSchema":"43e27e138ebf9cfc5966b082cf9a028302ed4184","hash":"121a1f72426b484975a49371686b82e4d025a1c0"}
,"C:\\Users\\paulo\\Desktop\\Gostack11\\gobarber\\gobarber-mobile\\gobarber-mobile\\src\\pages\\SignIn\\index.tsx": {"path":"C:\\Users\\paulo\\Desktop\\Gostack11\\gobarber\\gobarber-mobile\\gobarber-mobile\\src\\pages\\SignIn\\index.tsx","statementMap":{"0":{"start":{"line":41,"column":25},"end":{"line":148,"column":1}},"1":{"start":{"line":42,"column":18},"end":{"line":42,"column":43}},"2":{"start":{"line":43,"column":27},"end":{"line":43,"column":50}},"3":{"start":{"line":44,"column":21},"end":{"line":44,"column":36}},"4":{"start":{"line":45,"column":21},"end":{"line":45,"column":30}},"5":{"start":{"line":48,"column":23},"end":{"line":82,"column":3}},"6":{"start":{"line":50,"column":6},"end":{"line":79,"column":7}},"7":{"start":{"line":51,"column":8},"end":{"line":51,"column":39}},"8":{"start":{"line":53,"column":23},"end":{"line":58,"column":10}},"9":{"start":{"line":60,"column":8},"end":{"line":63,"column":11}},"10":{"start":{"line":67,"column":8},"end":{"line":69,"column":11}},"11":{"start":{"line":72,"column":8},"end":{"line":77,"column":9}},"12":{"start":{"line":73,"column":25},"end":{"line":73,"column":49}},"13":{"start":{"line":75,"column":10},"end":{"line":75,"column":45}},"14":{"start":{"line":76,"column":10},"end":{"line":76,"column":17}},"15":{"start":{"line":78,"column":8},"end":{"line":78,"column":78}},"16":{"start":{"line":83,"column":2},"end":{"line":147,"column":4}},"17":{"start":{"line":109,"column":18},"end":{"line":109,"column":51}},"18":{"start":{"line":120,"column":18},"end":{"line":120,"column":48}},"19":{"start":{"line":126,"column":18},"end":{"line":126,"column":48}},"20":{"start":{"line":134,"column":16},"end":{"line":134,"column":33}},"21":{"start":{"line":142,"column":42},"end":{"line":142,"column":71}}},"fnMap":{"0":{"name":"(anonymous_0)","decl":{"start":{"line":41,"column":25},"end":{"line":41,"column":26}},"loc":{"start":{"line":41,"column":31},"end":{"line":148,"column":1}},"line":41},"1":{"name":"(anonymous_1)","decl":{"start":{"line":49,"column":4},"end":{"line":49,"column":5}},"loc":{"start":{"line":49,"column":36},"end":{"line":80,"column":5}},"line":49},"2":{"name":"(anonymous_2)","decl":{"start":{"line":108,"column":33},"end":{"line":108,"column":34}},"loc":{"start":{"line":108,"column":39},"end":{"line":110,"column":17}},"line":108},"3":{"name":"(anonymous_3)","decl":{"start":{"line":119,"column":33},"end":{"line":119,"column":34}},"loc":{"start":{"line":119,"column":39},"end":{"line":121,"column":17}},"line":119},"4":{"name":"(anonymous_4)","decl":{"start":{"line":125,"column":25},"end":{"line":125,"column":26}},"loc":{"start":{"line":125,"column":31},"end":{"line":127,"column":17}},"line":125},"5":{"name":"(anonymous_5)","decl":{"start":{"line":133,"column":23},"end":{"line":133,"column":24}},"loc":{"start":{"line":133,"column":29},"end":{"line":135,"column":15}},"line":133},"6":{"name":"(anonymous_6)","decl":{"start":{"line":142,"column":36},"end":{"line":142,"column":37}},"loc":{"start":{"line":142,"column":42},"end":{"line":142,"column":71}},"line":142}},"branchMap":{"0":{"loc":{"start":{"line":72,"column":8},"end":{"line":77,"column":9}},"type":"if","locations":[{"start":{"line":72,"column":8},"end":{"line":77,"column":9}},{"start":{"line":72,"column":8},"end":{"line":77,"column":9}}],"line":72},"1":{"loc":{"start":{"line":87,"column":18},"end":{"line":87,"column":63}},"type":"cond-expr","locations":[{"start":{"line":87,"column":42},"end":{"line":87,"column":51}},{"start":{"line":87,"column":54},"end":{"line":87,"column":63}}],"line":87}},"s":{"0":1,"1":1,"2":1,"3":1,"4":1,"5":1,"6":0,"7":0,"8":0,"9":0,"10":0,"11":0,"12":0,"13":0,"14":0,"15":0,"16":1,"17":0,"18":0,"19":0,"20":0,"21":0},"f":{"0":1,"1":0,"2":0,"3":0,"4":0,"5":0,"6":0},"b":{"0":[0,0],"1":[1,0]},"_coverageSchema":"43e27e138ebf9cfc5966b082cf9a028302ed4184","hash":"e4d06efe1fa154c82f2def0fb0e8e693f6a17738"}
,"C:\\Users\\paulo\\Desktop\\Gostack11\\gobarber\\gobarber-mobile\\gobarber-mobile\\src\\pages\\SignIn\\styles.ts": {"path":"C:\\Users\\paulo\\Desktop\\Gostack11\\gobarber\\gobarber-mobile\\gobarber-mobile\\src\\pages\\SignIn\\styles.ts","statementMap":{"0":{"start":{"line":5,"column":25},"end":{"line":10,"column":1}},"1":{"start":{"line":12,"column":21},"end":{"line":17,"column":1}},"2":{"start":{"line":19,"column":30},"end":{"line":21,"column":1}},"3":{"start":{"line":22,"column":34},"end":{"line":26,"column":1}},"4":{"start":{"line":28,"column":35},"end":{"line":41,"column":1}},"5":{"start":{"line":43,"column":39},"end":{"line":48,"column":1}}},"fnMap":{},"branchMap":{"0":{"loc":{"start":{"line":9,"column":20},"end":{"line":9,"column":56}},"type":"cond-expr","locations":[{"start":{"line":9,"column":48},"end":{"line":9,"column":51}},{"start":{"line":9,"column":54},"end":{"line":9,"column":56}}],"line":9}},"s":{"0":1,"1":1,"2":1,"3":1,"4":1,"5":1},"f":{},"b":{"0":[0,1]},"_coverageSchema":"43e27e138ebf9cfc5966b082cf9a028302ed4184","hash":"9968d2e637d18fa10827c5bc2fa0cd6f91f2ca19"}
,"C:\\Users\\paulo\\Desktop\\Gostack11\\gobarber\\gobarber-mobile\\gobarber-mobile\\src\\services\\api.ts": {"path":"C:\\Users\\paulo\\Desktop\\Gostack11\\gobarber\\gobarber-mobile\\gobarber-mobile\\src\\services\\api.ts","statementMap":{"0":{"start":{"line":3,"column":12},"end":{"line":5,"column":2}}},"fnMap":{},"branchMap":{},"s":{"0":1},"f":{},"b":{},"_coverageSchema":"43e27e138ebf9cfc5966b082cf9a028302ed4184","hash":"ed33d5fd95ed23a89ef54c805d1c219dc21258f0"}
,"C:\\Users\\paulo\\Desktop\\Gostack11\\gobarber\\gobarber-mobile\\gobarber-mobile\\src\\utils\\getValidationErrors.ts": {"path":"C:\\Users\\paulo\\Desktop\\Gostack11\\gobarber\\gobarber-mobile\\gobarber-mobile\\src\\utils\\getValidationErrors.ts","statementMap":{"0":{"start":{"line":8,"column":35},"end":{"line":8,"column":37}},"1":{"start":{"line":10,"column":2},"end":{"line":12,"column":5}},"2":{"start":{"line":11,"column":4},"end":{"line":11,"column":49}},"3":{"start":{"line":14,"column":2},"end":{"line":14,"column":26}}},"fnMap":{"0":{"name":"getValidationErrors","decl":{"start":{"line":7,"column":24},"end":{"line":7,"column":43}},"loc":{"start":{"line":7,"column":74},"end":{"line":15,"column":1}},"line":7},"1":{"name":"(anonymous_1)","decl":{"start":{"line":10,"column":20},"end":{"line":10,"column":21}},"loc":{"start":{"line":10,"column":31},"end":{"line":12,"column":3}},"line":10}},"branchMap":{},"s":{"0":0,"1":0,"2":0,"3":0},"f":{"0":0,"1":0},"b":{},"_coverageSchema":"43e27e138ebf9cfc5966b082cf9a028302ed4184","hash":"b6fa670f3daf162f68042b2bbc400ef101b826e9"}
}
