TN:
SF:C:\Users\paulo\Desktop\Gostack11\gobarber\gobarber-mobile\gobarber-mobile\src\assets\logo.png
FNF:0
FNH:0
DA:1,1
LF:1
LH:1
BRF:0
BRH:0
end_of_record
TN:
SF:C:\Users\paulo\Desktop\Gostack11\gobarber\gobarber-mobile\gobarber-mobile\src\components\Button\index.tsx
FN:10,(anonymous_0)
FNF:1
FNH:1
FNDA:1,(anonymous_0)
DA:10,1
DA:11,1
LF:2
LH:2
BRF:0
BRH:0
end_of_record
TN:
SF:C:\Users\paulo\Desktop\Gostack11\gobarber\gobarber-mobile\gobarber-mobile\src\components\Button\styles.tsx
FNF:0
FNH:0
DA:4,1
DA:15,1
LF:2
LH:2
BRF:0
BRH:0
end_of_record
TN:
SF:C:\Users\paulo\Desktop\Gostack11\gobarber\gobarber-mobile\gobarber-mobile\src\components\Input\index.tsx
FN:27,(anonymous_0)
FN:33,(anonymous_1)
FN:34,(anonymous_2)
FN:42,(anonymous_3)
FN:46,(anonymous_4)
FN:51,(anonymous_5)
FN:56,(anonymous_6)
FN:61,(anonymous_7)
FN:82,(anonymous_8)
FNF:9
FNH:3
FNDA:2,(anonymous_0)
FNDA:1,(anonymous_1)
FNDA:0,(anonymous_2)
FNDA:0,(anonymous_3)
FNDA:0,(anonymous_4)
FNDA:2,(anonymous_5)
FNDA:0,(anonymous_6)
FNDA:0,(anonymous_7)
FNDA:0,(anonymous_8)
DA:27,1
DA:31,2
DA:32,2
DA:33,2
DA:35,0
DA:38,2
DA:39,2
DA:40,2
DA:42,2
DA:43,0
DA:46,2
DA:47,0
DA:48,0
DA:51,2
DA:52,2
DA:57,0
DA:59,0
DA:62,0
DA:64,0
DA:68,2
DA:83,0
LF:21
LH:12
BRDA:32,0,0,2
BRDA:73,1,0,0
BRDA:73,1,1,2
BRDA:73,2,0,2
BRDA:73,2,1,2
BRF:5
BRH:4
end_of_record
TN:
SF:C:\Users\paulo\Desktop\Gostack11\gobarber\gobarber-mobile\gobarber-mobile\src\components\Input\styles.tsx
FN:21,(anonymous_0)
FN:27,(anonymous_1)
FNF:2
FNH:2
FNDA:2,(anonymous_0)
FNDA:2,(anonymous_1)
DA:9,1
DA:22,2
DA:28,2
DA:34,1
DA:41,1
LF:5
LH:5
BRDA:22,0,0,2
BRDA:22,0,1,0
BRDA:28,1,0,2
BRDA:28,1,1,0
BRF:4
BRH:2
end_of_record
TN:
SF:C:\Users\paulo\Desktop\Gostack11\gobarber\gobarber-mobile\gobarber-mobile\src\hooks\auth.tsx
FN:29,(anonymous_0)
FN:33,(anonymous_1)
FN:34,loadStoragedData
FN:48,(anonymous_3)
FN:66,(anonymous_4)
FN:79,useAuth
FNF:6
FNH:1
FNDA:0,(anonymous_0)
FNDA:0,(anonymous_1)
FNDA:0,loadStoragedData
FNDA:0,(anonymous_3)
FNDA:0,(anonymous_4)
FNDA:1,useAuth
DA:27,1
DA:29,1
DA:30,0
DA:31,0
DA:33,0
DA:35,0
DA:40,0
DA:41,0
DA:43,0
DA:45,0
DA:48,0
DA:49,0
DA:54,0
DA:55,0
DA:63,0
DA:66,0
DA:67,0
DA:69,0
DA:72,0
DA:80,1
DA:82,1
DA:83,0
DA:85,1
LF:23
LH:5
BRDA:40,0,0,0
BRDA:40,0,1,0
BRDA:40,1,0,0
BRDA:40,1,1,0
BRDA:82,2,0,0
BRDA:82,2,1,1
BRF:6
BRH:1
end_of_record
TN:
SF:C:\Users\paulo\Desktop\Gostack11\gobarber\gobarber-mobile\gobarber-mobile\src\pages\SignIn\index.tsx
FN:41,(anonymous_0)
FN:49,(anonymous_1)
FN:108,(anonymous_2)
FN:119,(anonymous_3)
FN:125,(anonymous_4)
FN:133,(anonymous_5)
FN:142,(anonymous_6)
FNF:7
FNH:1
FNDA:1,(anonymous_0)
FNDA:0,(anonymous_1)
FNDA:0,(anonymous_2)
FNDA:0,(anonymous_3)
FNDA:0,(anonymous_4)
FNDA:0,(anonymous_5)
FNDA:0,(anonymous_6)
DA:41,1
DA:42,1
DA:43,1
DA:44,1
DA:45,1
DA:48,1
DA:50,0
DA:51,0
DA:53,0
DA:60,0
DA:67,0
DA:72,0
DA:73,0
DA:75,0
DA:76,0
DA:78,0
DA:83,1
DA:109,0
DA:120,0
DA:126,0
DA:134,0
DA:142,0
LF:22
LH:7
BRDA:72,0,0,0
BRDA:72,0,1,0
BRDA:87,1,0,1
BRDA:87,1,1,0
BRF:4
BRH:1
end_of_record
TN:
SF:C:\Users\paulo\Desktop\Gostack11\gobarber\gobarber-mobile\gobarber-mobile\src\pages\SignIn\styles.ts
FNF:0
FNH:0
DA:5,1
DA:12,1
DA:19,1
DA:22,1
DA:28,1
DA:43,1
LF:6
LH:6
BRDA:9,0,0,0
BRDA:9,0,1,1
BRF:2
BRH:1
end_of_record
TN:
SF:C:\Users\paulo\Desktop\Gostack11\gobarber\gobarber-mobile\gobarber-mobile\src\services\api.ts
FNF:0
FNH:0
DA:3,1
LF:1
LH:1
BRF:0
BRH:0
end_of_record
TN:
SF:C:\Users\paulo\Desktop\Gostack11\gobarber\gobarber-mobile\gobarber-mobile\src\utils\getValidationErrors.ts
FN:7,getValidationErrors
FN:10,(anonymous_1)
FNF:2
FNH:0
FNDA:0,getValidationErrors
FNDA:0,(anonymous_1)
DA:8,0
DA:10,0
DA:11,0
DA:14,0
LF:4
LH:0
BRF:0
BRH:0
end_of_record
